INFO:build_property_help_logger:
INFO:build_property_help_logger:>>>>> Starting WwisePlugin\ReverbLab.xml
INFO:build_property_help_logger:
INFO:build_property_help_logger:Parsing WwisePlugin\res\Md\en\RT.md
INFO:build_property_help_logger:Created WwisePlugin\res\Html\en\RT.html
INFO:build_property_help_logger:
INFO:build_property_help_logger:Checking for missing Markdown files for WwisePlugin\ReverbLab.xml
INFO:build_property_help_logger:HFCutoff
INFO:build_property_help_logger:HFAttenuation
INFO:build_property_help_logger:StereoWidth
INFO:build_property_help_logger:DryWetMix
INFO:build_property_help_logger:OutputGain
INFO:build_property_help_logger:Missing markdown files for WwisePlugin\ReverbLab.xml: 5
INFO:build_property_help_logger:Parsing WwisePlugin\res\Md\zh\DryWetMix.md
INFO:build_property_help_logger:Created WwisePlugin\res\Html\zh\DryWetMix.html
INFO:build_property_help_logger:Parsing WwisePlugin\res\Md\zh\HFAttenuation.md
INFO:build_property_help_logger:Created WwisePlugin\res\Html\zh\HFAttenuation.html
INFO:build_property_help_logger:Parsing WwisePlugin\res\Md\zh\HFCutoff.md
INFO:build_property_help_logger:Created WwisePlugin\res\Html\zh\HFCutoff.html
INFO:build_property_help_logger:Parsing WwisePlugin\res\Md\zh\OutputGain.md
INFO:build_property_help_logger:Created WwisePlugin\res\Html\zh\OutputGain.html
INFO:build_property_help_logger:Parsing WwisePlugin\res\Md\zh\RT.md
INFO:build_property_help_logger:Created WwisePlugin\res\Html\zh\RT.html
INFO:build_property_help_logger:Parsing WwisePlugin\res\Md\zh\StereoWidth.md
INFO:build_property_help_logger:Created WwisePlugin\res\Html\zh\StereoWidth.html
INFO:build_property_help_logger:
INFO:build_property_help_logger:>>>>> Finished WwisePlugin\ReverbLab.xml
INFO:build_property_help_logger:
